<?xml version="1.0" encoding="UTF-8"?>
<testsuite xmlns:xsi="http://www.w3.org/2001/XMLSchema-instance" xsi:noNamespaceSchemaLocation="https://maven.apache.org/surefire/maven-surefire-plugin/xsd/surefire-test-report.xsd" name="com.rsilva.rest.service.TransferServiceImplTest" time="0.073" tests="8" errors="0" skipped="0" failures="0">
  <properties>
[...]
</properties>
  <testcase name="testTopUp_ValidationError_Fails" classname="com.rsilva.rest.service.TransferServiceImplTest" time="0.041"/>
  <testcase name="testCreateTransfer_Success" classname="com.rsilva.rest.service.TransferServiceImplTest" time="0.003"/>
  <testcase name="testCreateTransfer_InsufficientFunds_Fails" classname="com.rsilva.rest.service.TransferServiceImplTest" time="0.012"/>
  <testcase name="testGetTransfers_Success" classname="com.rsilva.rest.service.TransferServiceImplTest" time="0.002"/>
  <testcase name="testCreateTransfer_InvalidOriginAccount_Fails" classname="com.rsilva.rest.service.TransferServiceImplTest" time="0.004"/>
  <testcase name="testCreateTransfer_InvalidRecipientAccount_Fails" classname="com.rsilva.rest.service.TransferServiceImplTest" time="0.002"/>
  <testcase name="testTopUp_Success" classname="com.rsilva.rest.service.TransferServiceImplTest" time="0.002"/>
  <testcase name="testCreateTransfer_OriginRecipientAccountsTheSame_Fails" classname="com.rsilva.rest.service.TransferServiceImplTest" time="0.002"/>
</testsuite>